<?xml version="1.0" encoding="UTF-8"?>
<!-- Generated by org.testng.reporters.JUnitXMLReporter -->
<testsuite hostname="LAPTOP-BFNE918P" ignored="5" name="Contacts Test" tests="3" failures="0" timestamp="07 Apr 2022 12:57:19 GMT" time="20.304" errors="0">
  <testcase name="createNewContact_TC25" time="6.93" classname="com.sfdcTestcases.ContactsTest"/>
  <testcase name="createNewViewInContactPage_TC26" time="4.61" classname="com.sfdcTestcases.ContactsTest"/>
  <testcase name="checkRecentlyCreatedContacts_TC27" time="2.382" classname="com.sfdcTestcases.ContactsTest"/>
  <testcase name="displayNameContacts_TC29" time="0.0" classname="com.sfdcTestcases.ContactsTest">
    <ignored/>
  </testcase> <!-- displayNameContacts_TC29 -->
  <testcase name="selectMyContactsView_TC28" time="0.0" classname="com.sfdcTestcases.ContactsTest">
    <ignored/>
  </testcase> <!-- selectMyContactsView_TC28 -->
  <testcase name="createNewViewWithErrorMessage_TC30" time="0.0" classname="com.sfdcTestcases.ContactsTest">
    <ignored/>
  </testcase> <!-- createNewViewWithErrorMessage_TC30 -->
  <testcase name="checkingContactEditWithSave_NewButton_TC32" time="0.0" classname="com.sfdcTestcases.ContactsTest">
    <ignored/>
  </testcase> <!-- checkingContactEditWithSave_NewButton_TC32 -->
  <testcase name="ckeckingNewViewWithcancelButton_TC31" time="0.0" classname="com.sfdcTestcases.ContactsTest">
    <ignored/>
  </testcase> <!-- ckeckingNewViewWithcancelButton_TC31 -->
</testsuite> <!-- Contacts Test -->
