<?xml version="1.0" encoding="UTF-8"?>
<!-- Generated by org.testng.reporters.JUnitXMLReporter -->
<testsuite hostname="LAPTOP-BFNE918P" ignored="4" name="Contacts Test" tests="1" failures="0" timestamp="08 Apr 2022 22:30:22 GMT" time="15.479" errors="0">
  <testcase name="selectDeveloperConsole_TC08" time="6.864" classname="com.sfdcTestcases.UserMenuTest"/>
  <testcase name="selectMySettings_TC07" time="0.0" classname="com.sfdcTestcases.UserMenuTest">
    <ignored/>
  </testcase> <!-- selectMySettings_TC07 -->
  <testcase name="TC05" time="0.0" classname="com.sfdcTestcases.UserMenuTest">
    <ignored/>
  </testcase> <!-- TC05 -->
  <testcase name="selectMyProfile_TC06" time="0.0" classname="com.sfdcTestcases.UserMenuTest">
    <ignored/>
  </testcase> <!-- selectMyProfile_TC06 -->
  <testcase name="selectLogout_TC09" time="0.0" classname="com.sfdcTestcases.UserMenuTest">
    <ignored/>
  </testcase> <!-- selectLogout_TC09 -->
</testsuite> <!-- Contacts Test -->
