<?xml version="1.0" encoding="UTF-8"?>
<!-- Generated by org.testng.reporters.JUnitXMLReporter -->
<testsuite hostname="LAPTOP-BFNE918P" ignored="4" name="Leads Test" tests="1" failures="0" timestamp="05 Apr 2022 22:33:45 GMT" time="12.264" errors="0">
  <testcase name="leadsTab_TC20" time="10.336" classname="com.sfdcTestcases.LeadsTest"/>
  <testcase name="slectLeadsView_TC21" time="0.0" classname="com.sfdcTestcases.LeadsTest">
    <ignored/>
  </testcase> <!-- slectLeadsView_TC21 -->
  <testcase name="todaysLeads_TC23" time="0.0" classname="com.sfdcTestcases.LeadsTest">
    <ignored/>
  </testcase> <!-- todaysLeads_TC23 -->
  <testcase name="createNewLeads_TC24" time="0.0" classname="com.sfdcTestcases.LeadsTest">
    <ignored/>
  </testcase> <!-- createNewLeads_TC24 -->
  <testcase name="defaultView_TC22" time="0.0" classname="com.sfdcTestcases.LeadsTest">
    <ignored/>
  </testcase> <!-- defaultView_TC22 -->
</testsuite> <!-- Leads Test -->
