<?xml version="1.0" encoding="UTF-8"?>
<!-- Generated by org.testng.reporters.JUnitXMLReporter -->
<testsuite hostname="LAPTOP-BFNE918P" ignored="4" name="LoginApp Test1" tests="1" failures="0" timestamp="05 Apr 2022 22:33:33 GMT" time="4.518" errors="0">
  <testcase name="loginErrorMessage_TC01" time="0.65" classname="com.sfdcTestcases.LoginTest"/>
  <testcase name="checkRememberMe_3" time="0.0" classname="com.sfdcTestcases.LoginTest">
    <ignored/>
  </testcase> <!-- checkRememberMe_3 -->
  <testcase name="forgotPassword_4A" time="0.0" classname="com.sfdcTestcases.LoginTest">
    <ignored/>
  </testcase> <!-- forgotPassword_4A -->
  <testcase name="forgotPassword_4B" time="0.0" classname="com.sfdcTestcases.LoginTest">
    <ignored/>
  </testcase> <!-- forgotPassword_4B -->
  <testcase name="loginToSalesforce_2" time="0.0" classname="com.sfdcTestcases.LoginTest">
    <ignored/>
  </testcase> <!-- loginToSalesforce_2 -->
</testsuite> <!-- LoginApp Test1 -->
