<?xml version="1.0" encoding="UTF-8"?>
<testng-results skipped="0" failed="0" ignored="5" total="8" passed="3">
  <reporter-output>
  </reporter-output>
  <suite name="Salesforce Automation" duration-ms="20304" started-at="2022-04-07T12:56:59Z" finished-at="2022-04-07T12:57:19Z">
    <groups>
      <group name="contacts">
        <method signature="ContactsTest.checkRecentlyCreatedContacts_TC27()[pri:3, instance:com.sfdcTestcases.ContactsTest@48eff760]" name="checkRecentlyCreatedContacts_TC27" class="com.sfdcTestcases.ContactsTest"/>
      </group> <!-- contacts -->
    </groups>
    <test name="Contacts Test" duration-ms="20304" started-at="2022-04-07T12:56:59Z" finished-at="2022-04-07T12:57:19Z">
      <class name="com.sfdcTestcases.ContactsTest">
        <test-method status="PASS" signature="setUp(java.lang.String)[pri:0, instance:com.sfdcTestcases.ContactsTest@48eff760]" name="setUp" is-config="true" duration-ms="1981" started-at="2022-04-07T08:56:59Z" finished-at="2022-04-07T08:57:01Z">
          <params>
            <param index="0">
              <value>
                <![CDATA[chrome]]>
              </value>
            </param>
          </params>
          <reporter-output>
          </reporter-output>
        </test-method> <!-- setUp -->
        <test-method status="PASS" signature="launchApp()[pri:0, instance:com.sfdcTestcases.ContactsTest@48eff760]" name="launchApp" is-config="true" duration-ms="1350" started-at="2022-04-07T08:57:01Z" finished-at="2022-04-07T08:57:02Z">
          <reporter-output>
          </reporter-output>
        </test-method> <!-- launchApp -->
        <test-method status="PASS" signature="createNewContact_TC25()[pri:1, instance:com.sfdcTestcases.ContactsTest@48eff760]" name="createNewContact_TC25" duration-ms="6930" started-at="2022-04-07T08:57:02Z" finished-at="2022-04-07T08:57:09Z">
          <reporter-output>
          </reporter-output>
        </test-method> <!-- createNewContact_TC25 -->
        <test-method status="PASS" signature="launchApp()[pri:0, instance:com.sfdcTestcases.ContactsTest@48eff760]" name="launchApp" is-config="true" duration-ms="1652" started-at="2022-04-07T08:57:09Z" finished-at="2022-04-07T08:57:11Z">
          <reporter-output>
          </reporter-output>
        </test-method> <!-- launchApp -->
        <test-method status="PASS" signature="createNewViewInContactPage_TC26()[pri:2, instance:com.sfdcTestcases.ContactsTest@48eff760]" name="createNewViewInContactPage_TC26" duration-ms="4610" started-at="2022-04-07T08:57:11Z" finished-at="2022-04-07T08:57:15Z">
          <reporter-output>
          </reporter-output>
        </test-method> <!-- createNewViewInContactPage_TC26 -->
        <test-method status="PASS" signature="launchApp()[pri:0, instance:com.sfdcTestcases.ContactsTest@48eff760]" name="launchApp" is-config="true" duration-ms="1281" started-at="2022-04-07T08:57:15Z" finished-at="2022-04-07T08:57:17Z">
          <reporter-output>
          </reporter-output>
        </test-method> <!-- launchApp -->
        <test-method status="PASS" signature="checkRecentlyCreatedContacts_TC27()[pri:3, instance:com.sfdcTestcases.ContactsTest@48eff760]" name="checkRecentlyCreatedContacts_TC27" duration-ms="2382" started-at="2022-04-07T08:57:17Z" finished-at="2022-04-07T08:57:19Z">
          <reporter-output>
          </reporter-output>
        </test-method> <!-- checkRecentlyCreatedContacts_TC27 -->
        <test-method status="PASS" signature="tearDown()[pri:0, instance:com.sfdcTestcases.ContactsTest@48eff760]" name="tearDown" is-config="true" duration-ms="94" started-at="2022-04-07T08:57:19Z" finished-at="2022-04-07T08:57:19Z">
          <reporter-output>
          </reporter-output>
        </test-method> <!-- tearDown -->
      </class> <!-- com.sfdcTestcases.ContactsTest -->
    </test> <!-- Contacts Test -->
  </suite> <!-- Salesforce Automation -->
</testng-results>
