<?xml version="1.0" encoding="UTF-8"?>
<testng-results skipped="0" failed="0" ignored="4" total="5" passed="1">
  <reporter-output>
  </reporter-output>
  <suite name="Salesforce Automation" duration-ms="15479" started-at="2022-04-08T22:30:07Z" finished-at="2022-04-08T22:30:22Z">
    <groups>
    </groups>
    <test name="Contacts Test" duration-ms="15479" started-at="2022-04-08T22:30:07Z" finished-at="2022-04-08T22:30:22Z">
      <class name="com.sfdcTestcases.UserMenuTest">
        <test-method status="PASS" signature="setUp(java.lang.String)[pri:0, instance:com.sfdcTestcases.UserMenuTest@7085bdee]" name="setUp" is-config="true" duration-ms="2103" started-at="2022-04-08T18:30:07Z" finished-at="2022-04-08T18:30:09Z">
          <params>
            <param index="0">
              <value>
                <![CDATA[chrome]]>
              </value>
            </param>
          </params>
          <reporter-output>
          </reporter-output>
        </test-method> <!-- setUp -->
        <test-method status="PASS" signature="launchApp()[pri:0, instance:com.sfdcTestcases.UserMenuTest@7085bdee]" name="launchApp" is-config="true" duration-ms="2322" started-at="2022-04-08T18:30:09Z" finished-at="2022-04-08T18:30:11Z">
          <reporter-output>
          </reporter-output>
        </test-method> <!-- launchApp -->
        <test-method status="PASS" signature="selectDeveloperConsole_TC08()[pri:4, instance:com.sfdcTestcases.UserMenuTest@7085bdee]" name="selectDeveloperConsole_TC08" duration-ms="6864" started-at="2022-04-08T18:30:11Z" finished-at="2022-04-08T18:30:18Z">
          <reporter-output>
          </reporter-output>
        </test-method> <!-- selectDeveloperConsole_TC08 -->
        <test-method status="PASS" signature="tearDown()[pri:0, instance:com.sfdcTestcases.UserMenuTest@7085bdee]" name="tearDown" is-config="true" duration-ms="4162" started-at="2022-04-08T18:30:18Z" finished-at="2022-04-08T18:30:22Z">
          <reporter-output>
          </reporter-output>
        </test-method> <!-- tearDown -->
      </class> <!-- com.sfdcTestcases.UserMenuTest -->
    </test> <!-- Contacts Test -->
  </suite> <!-- Salesforce Automation -->
</testng-results>
